2016v2
16
QstarToQZ
600
QstarToQZ_M-600
/pnfs/desy.de/cms/tier2/store/user/izoi/RunII_102X_v1/2016v2/QstarToQZ_M-600_Tune*_13TeV-pythia8/crab_QstarToQZ_M-600_Tune*_13TeV-pythia8*//*/*/Ntuple_*.root
Found 2 files matching pattern
[?1034hnumber of workers 20
open XML file: QstarToQZ_M-600.xml
2 2 1
[FMissing [%] 100.0
[FMissing [%] 50.0
number of events in QstarToQZ_M-600.xml 29269.0
800
QstarToQZ_M-800
/pnfs/desy.de/cms/tier2/store/user/izoi/RunII_102X_v1/2016v2/QstarToQZ_M-800_Tune*_13TeV-pythia8/crab_QstarToQZ_M-800_Tune*_13TeV-pythia8*//*/*/Ntuple_*.root
Found 2 files matching pattern
[?1034hnumber of workers 20
open XML file: QstarToQZ_M-800.xml
2 2 1
[FMissing [%] 100.0
[FMissing [%] 50.0
number of events in QstarToQZ_M-800.xml 30000.0
1000
QstarToQZ_M-1000
/pnfs/desy.de/cms/tier2/store/user/izoi/RunII_102X_v1/2016v2/QstarToQZ_M-1000_Tune*_13TeV-pythia8/crab_QstarToQZ_M-1000_Tune*_13TeV-pythia8*//*/*/Ntuple_*.root
Found 2 files matching pattern
[?1034hnumber of workers 20
open XML file: QstarToQZ_M-1000.xml
2 2 1
[FMissing [%] 100.0
[FMissing [%] 50.0
number of events in QstarToQZ_M-1000.xml 30000.0
1200
QstarToQZ_M-1200
/pnfs/desy.de/cms/tier2/store/user/izoi/RunII_102X_v1/2016v2/QstarToQZ_M-1200_Tune*_13TeV-pythia8/crab_QstarToQZ_M-1200_Tune*_13TeV-pythia8*//*/*/Ntuple_*.root
Found 2 files matching pattern
[?1034hnumber of workers 20
open XML file: QstarToQZ_M-1200.xml
2 2 1
[FMissing [%] 100.0
[FMissing [%] 50.0
[FMissing [%] 50.0
number of events in QstarToQZ_M-1200.xml 30000.0
1400
QstarToQZ_M-1400
/pnfs/desy.de/cms/tier2/store/user/izoi/RunII_102X_v1/2016v2/QstarToQZ_M-1400_Tune*_13TeV-pythia8/crab_QstarToQZ_M-1400_Tune*_13TeV-pythia8*//*/*/Ntuple_*.root
Found 2 files matching pattern
[?1034hnumber of workers 20
open XML file: QstarToQZ_M-1400.xml
2 2 1
[FMissing [%] 100.0
[FMissing [%] 50.0
number of events in QstarToQZ_M-1400.xml 30000.0
1600
QstarToQZ_M-1600
/pnfs/desy.de/cms/tier2/store/user/izoi/RunII_102X_v1/2016v2/QstarToQZ_M-1600_Tune*_13TeV-pythia8/crab_QstarToQZ_M-1600_Tune*_13TeV-pythia8*//*/*/Ntuple_*.root
Found 2 files matching pattern
[?1034hnumber of workers 20
open XML file: QstarToQZ_M-1600.xml
2 2 1
[FMissing [%] 100.0
[FMissing [%] 50.0
number of events in QstarToQZ_M-1600.xml 28932.0
1800
QstarToQZ_M-1800
/pnfs/desy.de/cms/tier2/store/user/izoi/RunII_102X_v1/2016v2/QstarToQZ_M-1800_Tune*_13TeV-pythia8/crab_QstarToQZ_M-1800_Tune*_13TeV-pythia8*//*/*/Ntuple_*.root
Found 2 files matching pattern
[?1034hnumber of workers 20
open XML file: QstarToQZ_M-1800.xml
2 2 1
[FMissing [%] 100.0
[FMissing [%] 50.0
number of events in QstarToQZ_M-1800.xml 30000.0
2000
QstarToQZ_M-2000
/pnfs/desy.de/cms/tier2/store/user/izoi/RunII_102X_v1/2016v2/QstarToQZ_M-2000_Tune*_13TeV-pythia8/crab_QstarToQZ_M-2000_Tune*_13TeV-pythia8*//*/*/Ntuple_*.root
Found 2 files matching pattern
[?1034hnumber of workers 20
open XML file: QstarToQZ_M-2000.xml
2 2 1
[FMissing [%] 100.0
[FMissing [%] 50.0
[FMissing [%] 50.0
[FMissing [%] 50.0
number of events in QstarToQZ_M-2000.xml 29603.0
2500
QstarToQZ_M-2500
/pnfs/desy.de/cms/tier2/store/user/izoi/RunII_102X_v1/2016v2/QstarToQZ_M-2500_Tune*_13TeV-pythia8/crab_QstarToQZ_M-2500_Tune*_13TeV-pythia8*//*/*/Ntuple_*.root
Found 2 files matching pattern
[?1034hnumber of workers 20
open XML file: QstarToQZ_M-2500.xml
2 2 1
[FMissing [%] 100.0
[FMissing [%] 100.0
[FMissing [%] 50.0
[FMissing [%] 50.0
[FMissing [%] 50.0
number of events in QstarToQZ_M-2500.xml 30000.0
3000
QstarToQZ_M-3000
/pnfs/desy.de/cms/tier2/store/user/izoi/RunII_102X_v1/2016v2/QstarToQZ_M-3000_Tune*_13TeV-pythia8/crab_QstarToQZ_M-3000_Tune*_13TeV-pythia8*//*/*/Ntuple_*.root
Found 2 files matching pattern
[?1034hnumber of workers 20
open XML file: QstarToQZ_M-3000.xml
2 2 1
[FMissing [%] 100.0
[FMissing [%] 50.0
[FMissing [%] 50.0
[FMissing [%] 50.0
number of events in QstarToQZ_M-3000.xml 29640.0
3500
QstarToQZ_M-3500
/pnfs/desy.de/cms/tier2/store/user/izoi/RunII_102X_v1/2016v2/QstarToQZ_M-3500_Tune*_13TeV-pythia8/crab_QstarToQZ_M-3500_Tune*_13TeV-pythia8*//*/*/Ntuple_*.root
Found 2 files matching pattern
[?1034hnumber of workers 20
open XML file: QstarToQZ_M-3500.xml
2 2 1
[FMissing [%] 100.0
[FMissing [%] 50.0
number of events in QstarToQZ_M-3500.xml 30000.0
4000
QstarToQZ_M-4000
/pnfs/desy.de/cms/tier2/store/user/izoi/RunII_102X_v1/2016v2/QstarToQZ_M-4000_Tune*_13TeV-pythia8/crab_QstarToQZ_M-4000_Tune*_13TeV-pythia8*//*/*/Ntuple_*.root
Found 2 files matching pattern
[?1034hnumber of workers 20
open XML file: QstarToQZ_M-4000.xml
2 2 1
[FMissing [%] 100.0
[FMissing [%] 50.0
[FMissing [%] 50.0
number of events in QstarToQZ_M-4000.xml 30000.0
4500
QstarToQZ_M-4500
/pnfs/desy.de/cms/tier2/store/user/izoi/RunII_102X_v1/2016v2/QstarToQZ_M-4500_Tune*_13TeV-pythia8/crab_QstarToQZ_M-4500_Tune*_13TeV-pythia8*//*/*/Ntuple_*.root
Found 2 files matching pattern
[?1034hnumber of workers 20
open XML file: QstarToQZ_M-4500.xml
2 2 1
[FMissing [%] 100.0
[FMissing [%] 50.0
number of events in QstarToQZ_M-4500.xml 29713.0
5000
QstarToQZ_M-5000
/pnfs/desy.de/cms/tier2/store/user/izoi/RunII_102X_v1/2016v2/QstarToQZ_M-5000_Tune*_13TeV-pythia8/crab_QstarToQZ_M-5000_Tune*_13TeV-pythia8*//*/*/Ntuple_*.root
Found 2 files matching pattern
[?1034hnumber of workers 20
open XML file: QstarToQZ_M-5000.xml
2 2 1
[FMissing [%] 100.0
[FMissing [%] 100.0
[FMissing [%] 50.0
[FMissing [%] 50.0
number of events in QstarToQZ_M-5000.xml 29686.0
6000
QstarToQZ_M-6000
/pnfs/desy.de/cms/tier2/store/user/izoi/RunII_102X_v1/2016v2/QstarToQZ_M-6000_Tune*_13TeV-pythia8/crab_QstarToQZ_M-6000_Tune*_13TeV-pythia8*//*/*/Ntuple_*.root
Found 4 files matching pattern
[?1034hnumber of workers 20
open XML file: QstarToQZ_M-6000.xml
4 4 1
[FMissing [%] 100.0
[FMissing [%] 100.0
[FMissing [%] 25.0
[FMissing [%] 25.0
number of events in QstarToQZ_M-6000.xml 59180.0
7000
QstarToQZ_M-7000
/pnfs/desy.de/cms/tier2/store/user/izoi/RunII_102X_v1/2016v2/QstarToQZ_M-7000_Tune*_13TeV-pythia8/crab_QstarToQZ_M-7000_Tune*_13TeV-pythia8*//*/*/Ntuple_*.root
Found 4 files matching pattern
[?1034hnumber of workers 20
open XML file: QstarToQZ_M-7000.xml
4 4 1
[FMissing [%] 100.0
[FMissing [%] 75.0
[FMissing [%] 25.0
[FMissing [%] 25.0
number of events in QstarToQZ_M-7000.xml 60000.0
